<?xml version="1.0" encoding="UTF-8"?>
<testng-results skipped="0" failed="0" total="2" passed="2">
  <reporter-output>
  </reporter-output>
  <suite name="vn.myclass.test.RoleTest" duration-ms="1949" started-at="2018-08-15T15:31:09Z" finished-at="2018-08-15T15:31:11Z">
    <groups>
    </groups>
    <test name="Command line test" duration-ms="1949" started-at="2018-08-15T15:31:09Z" finished-at="2018-08-15T15:31:11Z">
      <class name="vn.myclass.test.RoleTest">
        <test-method status="PASS" signature="findAll()[pri:0, instance:vn.myclass.test.RoleTest@60f82f98]" name="findAll" duration-ms="1920" started-at="2018-08-15T22:31:09Z" finished-at="2018-08-15T22:31:11Z">
          <reporter-output>
          </reporter-output>
        </test-method> <!-- findAll -->
        <test-method status="PASS" signature="update()[pri:0, instance:vn.myclass.test.RoleTest@60f82f98]" name="update" duration-ms="13" started-at="2018-08-15T22:31:11Z" finished-at="2018-08-15T22:31:11Z">
          <reporter-output>
          </reporter-output>
        </test-method> <!-- update -->
      </class> <!-- vn.myclass.test.RoleTest -->
    </test> <!-- Command line test -->
  </suite> <!-- vn.myclass.test.RoleTest -->
</testng-results>
